build/intermediates/manifest_merge_blame_file/debug/manifest-merger-blame-debug-report.txt
1<?xml version="1.0" encoding="utf-8"?>
2<manifest xmlns:android="http://schemas.android.com/apk/res/android"
3    package="gauravnikk.grantify" > <!-- Library specific declarations here -->
4    <uses-sdk
5        android:minSdkVersion="21"
5-->src\main\AndroidManifest.xml
6        android:targetSdkVersion="34" />
6-->src\main\AndroidManifest.xml
7
8</manifest>